<?xml version="1.0" encoding="UTF-8"?>
<!-- Generated by org.testng.reporters.JUnitReportReporter -->
<testsuite hostname="L505613" failures="0" tests="2" name="TestNGTest.ListesnerTestclass" time="0.006" errors="0" timestamp="29 Apr 2020 13:55:47 GMT" skipped="0">
  <testcase classname="TestNGTest.ListesnerTestclass" name="resultMethod2" time="0.005"/>
  <testcase classname="TestNGTest.ListesnerTestclass" name="sumMethod1" time="0.001"/>
</testsuite> <!-- TestNGTest.ListesnerTestclass -->
