<?xml version="1.0" encoding="UTF-8"?>
<!-- Generated by org.testng.reporters.JUnitReportReporter -->
<testsuite hostname="L505613" failures="0" tests="2" name="TestNGTest.InvokeTesting" time="0.003" errors="0" timestamp="29 Apr 2020 13:08:50 GMT" skipped="0">
  <testcase classname="TestNGTest.InvokeTesting" name="Testmethod1" time="0.002"/>
  <testcase classname="TestNGTest.InvokeTesting" name="Testmethod2" time="0.001"/>
</testsuite> <!-- TestNGTest.InvokeTesting -->
